app/build/intermediates/manifest_merge_blame_file/debug/processDebugMainManifest/manifest-merger-blame-debug-report.txt
1<?xml version="1.0" encoding="utf-8"?>
2<manifest xmlns:android="http://schemas.android.com/apk/res/android"
3    package="com.example.triaje"
4    android:versionCode="1"
5    android:versionName="1.0" >
6
7    <uses-sdk
8        android:minSdkVersion="24"
9        android:targetSdkVersion="34" />
10
11    <uses-permission android:name="android.permission.INTERNET" />
11-->src\main\AndroidManifest.xml:5:5-67
11-->src\main\AndroidManifest.xml:5:22-64
12    <uses-permission android:name="android.permission.ACCESS_NETWORK_STATE" />
12-->src\main\AndroidManifest.xml:6:5-79
12-->src\main\AndroidManifest.xml:6:22-76
13
14    <uses-feature
14-->[com.google.android.gms:play-services-maps:18.0.0] AndroidManifest.xml:26:5-28:35
15        android:glEsVersion="0x00020000"
15-->[com.google.android.gms:play-services-maps:18.0.0] AndroidManifest.xml:27:9-41
16        android:required="true" />
16-->[com.google.android.gms:play-services-maps:18.0.0] AndroidManifest.xml:28:9-32
17
18    <queries>
18-->[com.google.android.gms:play-services-maps:18.0.0] AndroidManifest.xml:30:5-34:15
19
20        <!-- Needs to be explicitly declared on Android R+ -->
21        <package android:name="com.google.android.apps.maps" />
21-->[com.google.android.gms:play-services-maps:18.0.0] AndroidManifest.xml:33:9-64
21-->[com.google.android.gms:play-services-maps:18.0.0] AndroidManifest.xml:33:18-61
22
23        <intent>
23-->[androidx.media:media:1.4.1] AndroidManifest.xml:25:9-27:18
24            <action android:name="android.media.browse.MediaBrowserService" />
24-->[androidx.media:media:1.4.1] AndroidManifest.xml:26:13-79
24-->[androidx.media:media:1.4.1] AndroidManifest.xml:26:21-76
25        </intent>
26    </queries>
27
28    <permission
28-->[androidx.core:core:1.13.1] AndroidManifest.xml:22:5-24:47
29        android:name="com.example.triaje.DYNAMIC_RECEIVER_NOT_EXPORTED_PERMISSION"
29-->[androidx.core:core:1.13.1] AndroidManifest.xml:23:9-81
30        android:protectionLevel="signature" />
30-->[androidx.core:core:1.13.1] AndroidManifest.xml:24:9-44
31
32    <uses-permission android:name="com.example.triaje.DYNAMIC_RECEIVER_NOT_EXPORTED_PERMISSION" />
32-->[androidx.core:core:1.13.1] AndroidManifest.xml:26:5-97
32-->[androidx.core:core:1.13.1] AndroidManifest.xml:26:22-94
33
34    <application
34-->src\main\AndroidManifest.xml:8:5-73:19
35        android:allowBackup="true"
35-->src\main\AndroidManifest.xml:9:9-35
36        android:appComponentFactory="androidx.core.app.CoreComponentFactory"
36-->[androidx.core:core:1.13.1] AndroidManifest.xml:28:18-86
37        android:dataExtractionRules="@xml/data_extraction_rules"
37-->src\main\AndroidManifest.xml:10:9-65
38        android:debuggable="true"
39        android:extractNativeLibs="false"
40        android:fullBackupContent="@xml/backup_rules"
40-->src\main\AndroidManifest.xml:11:9-54
41        android:icon="@mipmap/ic_launcher"
41-->src\main\AndroidManifest.xml:12:9-43
42        android:label="@string/app_name"
42-->src\main\AndroidManifest.xml:13:9-41
43        android:networkSecurityConfig="@xml/network_security_config"
43-->src\main\AndroidManifest.xml:14:9-69
44        android:roundIcon="@mipmap/ic_launcher_round"
44-->src\main\AndroidManifest.xml:15:9-54
45        android:supportsRtl="true"
45-->src\main\AndroidManifest.xml:16:9-35
46        android:testOnly="true"
47        android:theme="@style/Theme.Triaje"
47-->src\main\AndroidManifest.xml:17:9-44
48        android:usesCleartextTraffic="true" >
48-->src\main\AndroidManifest.xml:18:9-44
49        <activity
49-->src\main\AndroidManifest.xml:20:9-22:40
50            android:name="com.example.triaje.ListHospitalActivity"
50-->src\main\AndroidManifest.xml:21:13-49
51            android:exported="false" />
51-->src\main\AndroidManifest.xml:22:13-37
52        <activity
52-->src\main\AndroidManifest.xml:23:9-25:40
53            android:name="com.example.triaje.TriajeActivity"
53-->src\main\AndroidManifest.xml:24:13-43
54            android:exported="false" />
54-->src\main\AndroidManifest.xml:25:13-37
55        <activity
55-->src\main\AndroidManifest.xml:26:9-29:51
56            android:name="com.example.triaje.PacienteDetailsActivity"
56-->src\main\AndroidManifest.xml:27:13-52
57            android:exported="false"
57-->src\main\AndroidManifest.xml:28:13-37
58            android:theme="@style/Theme.Triaje" />
58-->src\main\AndroidManifest.xml:29:13-48
59        <activity
59-->src\main\AndroidManifest.xml:30:9-32:40
60            android:name="com.example.triaje.HospitalActivity"
60-->src\main\AndroidManifest.xml:31:13-45
61            android:exported="false" />
61-->src\main\AndroidManifest.xml:32:13-37
62        <activity
62-->src\main\AndroidManifest.xml:33:9-36:72
63            android:name="com.example.triaje.MedicamentoActivity"
63-->src\main\AndroidManifest.xml:34:13-48
64            android:exported="false"
64-->src\main\AndroidManifest.xml:35:13-37
65            android:theme="@style/Theme.AppCompat.Light.NoActionBar" />
65-->src\main\AndroidManifest.xml:36:13-69
66        <activity
66-->src\main\AndroidManifest.xml:37:9-40:51
67            android:name="com.example.triaje.AddPacienteActivity"
67-->src\main\AndroidManifest.xml:38:13-48
68            android:exported="false"
68-->src\main\AndroidManifest.xml:39:13-37
69            android:theme="@style/Theme.Triaje" />
69-->src\main\AndroidManifest.xml:40:13-48
70
71        <meta-data
71-->src\main\AndroidManifest.xml:42:9-44:42
72            android:name="com.google.android.geo.API_KEY"
72-->src\main\AndroidManifest.xml:43:13-58
73            android:value="TU_API_KEY" />
73-->src\main\AndroidManifest.xml:44:13-39
74
75        <activity
75-->src\main\AndroidManifest.xml:46:9-48:40
76            android:name="com.example.triaje.UbicacionActivity"
76-->src\main\AndroidManifest.xml:47:13-46
77            android:exported="false" />
77-->src\main\AndroidManifest.xml:48:13-37
78        <activity
78-->src\main\AndroidManifest.xml:49:9-51:40
79            android:name="com.example.triaje.PerfilActivity"
79-->src\main\AndroidManifest.xml:50:13-43
80            android:exported="false" />
80-->src\main\AndroidManifest.xml:51:13-37
81        <activity
81-->src\main\AndroidManifest.xml:52:9-54:40
82            android:name="com.example.triaje.PacienteActivity"
82-->src\main\AndroidManifest.xml:53:13-45
83            android:exported="false" />
83-->src\main\AndroidManifest.xml:54:13-37
84        <activity
84-->src\main\AndroidManifest.xml:55:9-57:40
85            android:name="com.example.triaje.HomeActivity"
85-->src\main\AndroidManifest.xml:56:13-41
86            android:exported="false" />
86-->src\main\AndroidManifest.xml:57:13-37
87        <activity
87-->src\main\AndroidManifest.xml:58:9-60:40
88            android:name="com.example.triaje.CreateAccountActivity"
88-->src\main\AndroidManifest.xml:59:13-50
89            android:exported="false" />
89-->src\main\AndroidManifest.xml:60:13-37
90        <activity
90-->src\main\AndroidManifest.xml:61:9-63:40
91            android:name="com.example.triaje.LoginActivity"
91-->src\main\AndroidManifest.xml:62:13-42
92            android:exported="false" />
92-->src\main\AndroidManifest.xml:63:13-37
93        <activity
93-->src\main\AndroidManifest.xml:64:9-72:20
94            android:name="com.example.triaje.MainActivity"
94-->src\main\AndroidManifest.xml:65:13-41
95            android:exported="true" >
95-->src\main\AndroidManifest.xml:66:13-36
96            <intent-filter>
96-->src\main\AndroidManifest.xml:67:13-71:29
97                <action android:name="android.intent.action.MAIN" />
97-->src\main\AndroidManifest.xml:68:17-69
97-->src\main\AndroidManifest.xml:68:25-66
98
99                <category android:name="android.intent.category.LAUNCHER" />
99-->src\main\AndroidManifest.xml:70:17-77
99-->src\main\AndroidManifest.xml:70:27-74
100            </intent-filter>
101        </activity>
102
103        <service
103-->[com.google.firebase:firebase-firestore-ktx:25.1.1] AndroidManifest.xml:9:9-15:19
104            android:name="com.google.firebase.components.ComponentDiscoveryService"
104-->[com.google.firebase:firebase-firestore-ktx:25.1.1] AndroidManifest.xml:10:13-84
105            android:directBootAware="true"
105-->[com.google.firebase:firebase-common:21.0.0] AndroidManifest.xml:32:13-43
106            android:exported="false" >
106-->[com.google.firebase:firebase-firestore-ktx:25.1.1] AndroidManifest.xml:11:13-37
107            <meta-data
107-->[com.google.firebase:firebase-firestore-ktx:25.1.1] AndroidManifest.xml:12:13-14:85
108                android:name="com.google.firebase.components:com.google.firebase.firestore.ktx.FirebaseFirestoreLegacyRegistrar"
108-->[com.google.firebase:firebase-firestore-ktx:25.1.1] AndroidManifest.xml:13:17-129
109                android:value="com.google.firebase.components.ComponentRegistrar" />
109-->[com.google.firebase:firebase-firestore-ktx:25.1.1] AndroidManifest.xml:14:17-82
110            <meta-data
110-->[com.google.firebase:firebase-firestore:25.1.1] AndroidManifest.xml:17:13-19:85
111                android:name="com.google.firebase.components:com.google.firebase.firestore.FirebaseFirestoreKtxRegistrar"
111-->[com.google.firebase:firebase-firestore:25.1.1] AndroidManifest.xml:18:17-122
112                android:value="com.google.firebase.components.ComponentRegistrar" />
112-->[com.google.firebase:firebase-firestore:25.1.1] AndroidManifest.xml:19:17-82
113            <meta-data
113-->[com.google.firebase:firebase-firestore:25.1.1] AndroidManifest.xml:20:13-22:85
114                android:name="com.google.firebase.components:com.google.firebase.firestore.FirestoreRegistrar"
114-->[com.google.firebase:firebase-firestore:25.1.1] AndroidManifest.xml:21:17-111
115                android:value="com.google.firebase.components.ComponentRegistrar" />
115-->[com.google.firebase:firebase-firestore:25.1.1] AndroidManifest.xml:22:17-82
116            <meta-data
116-->[com.google.firebase:firebase-common-ktx:21.0.0] AndroidManifest.xml:12:13-14:85
117                android:name="com.google.firebase.components:com.google.firebase.ktx.FirebaseCommonLegacyRegistrar"
117-->[com.google.firebase:firebase-common-ktx:21.0.0] AndroidManifest.xml:13:17-116
118                android:value="com.google.firebase.components.ComponentRegistrar" />
118-->[com.google.firebase:firebase-common-ktx:21.0.0] AndroidManifest.xml:14:17-82
119            <meta-data
119-->[com.google.firebase:firebase-common:21.0.0] AndroidManifest.xml:35:13-37:85
120                android:name="com.google.firebase.components:com.google.firebase.FirebaseCommonKtxRegistrar"
120-->[com.google.firebase:firebase-common:21.0.0] AndroidManifest.xml:36:17-109
121                android:value="com.google.firebase.components.ComponentRegistrar" />
121-->[com.google.firebase:firebase-common:21.0.0] AndroidManifest.xml:37:17-82
122        </service>
123        <service
123-->[androidx.room:room-runtime:2.6.0] AndroidManifest.xml:24:9-28:63
124            android:name="androidx.room.MultiInstanceInvalidationService"
124-->[androidx.room:room-runtime:2.6.0] AndroidManifest.xml:25:13-74
125            android:directBootAware="true"
125-->[androidx.room:room-runtime:2.6.0] AndroidManifest.xml:26:13-43
126            android:exported="false" /> <!-- Needs to be explicitly declared on P+ -->
126-->[androidx.room:room-runtime:2.6.0] AndroidManifest.xml:27:13-37
127        <uses-library
127-->[com.google.android.gms:play-services-maps:18.0.0] AndroidManifest.xml:39:9-41:40
128            android:name="org.apache.http.legacy"
128-->[com.google.android.gms:play-services-maps:18.0.0] AndroidManifest.xml:40:13-50
129            android:required="false" />
129-->[com.google.android.gms:play-services-maps:18.0.0] AndroidManifest.xml:41:13-37
130
131        <activity
131-->[com.google.android.gms:play-services-base:18.0.1] AndroidManifest.xml:20:9-22:45
132            android:name="com.google.android.gms.common.api.GoogleApiActivity"
132-->[com.google.android.gms:play-services-base:18.0.1] AndroidManifest.xml:20:19-85
133            android:exported="false"
133-->[com.google.android.gms:play-services-base:18.0.1] AndroidManifest.xml:22:19-43
134            android:theme="@android:style/Theme.Translucent.NoTitleBar" />
134-->[com.google.android.gms:play-services-base:18.0.1] AndroidManifest.xml:21:19-78
135
136        <provider
136-->[com.google.firebase:firebase-common:21.0.0] AndroidManifest.xml:23:9-28:39
137            android:name="com.google.firebase.provider.FirebaseInitProvider"
137-->[com.google.firebase:firebase-common:21.0.0] AndroidManifest.xml:24:13-77
138            android:authorities="com.example.triaje.firebaseinitprovider"
138-->[com.google.firebase:firebase-common:21.0.0] AndroidManifest.xml:25:13-72
139            android:directBootAware="true"
139-->[com.google.firebase:firebase-common:21.0.0] AndroidManifest.xml:26:13-43
140            android:exported="false"
140-->[com.google.firebase:firebase-common:21.0.0] AndroidManifest.xml:27:13-37
141            android:initOrder="100" />
141-->[com.google.firebase:firebase-common:21.0.0] AndroidManifest.xml:28:13-36
142
143        <meta-data
143-->[com.google.android.gms:play-services-basement:18.3.0] AndroidManifest.xml:21:9-23:69
144            android:name="com.google.android.gms.version"
144-->[com.google.android.gms:play-services-basement:18.3.0] AndroidManifest.xml:22:13-58
145            android:value="@integer/google_play_services_version" />
145-->[com.google.android.gms:play-services-basement:18.3.0] AndroidManifest.xml:23:13-66
146
147        <provider
147-->[androidx.emoji2:emoji2:1.3.0] AndroidManifest.xml:24:9-32:20
148            android:name="androidx.startup.InitializationProvider"
148-->[androidx.emoji2:emoji2:1.3.0] AndroidManifest.xml:25:13-67
149            android:authorities="com.example.triaje.androidx-startup"
149-->[androidx.emoji2:emoji2:1.3.0] AndroidManifest.xml:26:13-68
150            android:exported="false" >
150-->[androidx.emoji2:emoji2:1.3.0] AndroidManifest.xml:27:13-37
151            <meta-data
151-->[androidx.emoji2:emoji2:1.3.0] AndroidManifest.xml:29:13-31:52
152                android:name="androidx.emoji2.text.EmojiCompatInitializer"
152-->[androidx.emoji2:emoji2:1.3.0] AndroidManifest.xml:30:17-75
153                android:value="androidx.startup" />
153-->[androidx.emoji2:emoji2:1.3.0] AndroidManifest.xml:31:17-49
154            <meta-data
154-->[androidx.lifecycle:lifecycle-process:2.6.2] AndroidManifest.xml:29:13-31:52
155                android:name="androidx.lifecycle.ProcessLifecycleInitializer"
155-->[androidx.lifecycle:lifecycle-process:2.6.2] AndroidManifest.xml:30:17-78
156                android:value="androidx.startup" />
156-->[androidx.lifecycle:lifecycle-process:2.6.2] AndroidManifest.xml:31:17-49
157            <meta-data
157-->[androidx.profileinstaller:profileinstaller:1.3.1] AndroidManifest.xml:29:13-31:52
158                android:name="androidx.profileinstaller.ProfileInstallerInitializer"
158-->[androidx.profileinstaller:profileinstaller:1.3.1] AndroidManifest.xml:30:17-85
159                android:value="androidx.startup" />
159-->[androidx.profileinstaller:profileinstaller:1.3.1] AndroidManifest.xml:31:17-49
160        </provider>
161
162        <uses-library
162-->[androidx.window:window:1.0.0] AndroidManifest.xml:25:9-27:40
163            android:name="androidx.window.extensions"
163-->[androidx.window:window:1.0.0] AndroidManifest.xml:26:13-54
164            android:required="false" />
164-->[androidx.window:window:1.0.0] AndroidManifest.xml:27:13-37
165        <uses-library
165-->[androidx.window:window:1.0.0] AndroidManifest.xml:28:9-30:40
166            android:name="androidx.window.sidecar"
166-->[androidx.window:window:1.0.0] AndroidManifest.xml:29:13-51
167            android:required="false" />
167-->[androidx.window:window:1.0.0] AndroidManifest.xml:30:13-37
168
169        <receiver
169-->[androidx.profileinstaller:profileinstaller:1.3.1] AndroidManifest.xml:34:9-52:20
170            android:name="androidx.profileinstaller.ProfileInstallReceiver"
170-->[androidx.profileinstaller:profileinstaller:1.3.1] AndroidManifest.xml:35:13-76
171            android:directBootAware="false"
171-->[androidx.profileinstaller:profileinstaller:1.3.1] AndroidManifest.xml:36:13-44
172            android:enabled="true"
172-->[androidx.profileinstaller:profileinstaller:1.3.1] AndroidManifest.xml:37:13-35
173            android:exported="true"
173-->[androidx.profileinstaller:profileinstaller:1.3.1] AndroidManifest.xml:38:13-36
174            android:permission="android.permission.DUMP" >
174-->[androidx.profileinstaller:profileinstaller:1.3.1] AndroidManifest.xml:39:13-57
175            <intent-filter>
175-->[androidx.profileinstaller:profileinstaller:1.3.1] AndroidManifest.xml:40:13-42:29
176                <action android:name="androidx.profileinstaller.action.INSTALL_PROFILE" />
176-->[androidx.profileinstaller:profileinstaller:1.3.1] AndroidManifest.xml:41:17-91
176-->[androidx.profileinstaller:profileinstaller:1.3.1] AndroidManifest.xml:41:25-88
177            </intent-filter>
178            <intent-filter>
178-->[androidx.profileinstaller:profileinstaller:1.3.1] AndroidManifest.xml:43:13-45:29
179                <action android:name="androidx.profileinstaller.action.SKIP_FILE" />
179-->[androidx.profileinstaller:profileinstaller:1.3.1] AndroidManifest.xml:44:17-85
179-->[androidx.profileinstaller:profileinstaller:1.3.1] AndroidManifest.xml:44:25-82
180            </intent-filter>
181            <intent-filter>
181-->[androidx.profileinstaller:profileinstaller:1.3.1] AndroidManifest.xml:46:13-48:29
182                <action android:name="androidx.profileinstaller.action.SAVE_PROFILE" />
182-->[androidx.profileinstaller:profileinstaller:1.3.1] AndroidManifest.xml:47:17-88
182-->[androidx.profileinstaller:profileinstaller:1.3.1] AndroidManifest.xml:47:25-85
183            </intent-filter>
184            <intent-filter>
184-->[androidx.profileinstaller:profileinstaller:1.3.1] AndroidManifest.xml:49:13-51:29
185                <action android:name="androidx.profileinstaller.action.BENCHMARK_OPERATION" />
185-->[androidx.profileinstaller:profileinstaller:1.3.1] AndroidManifest.xml:50:17-95
185-->[androidx.profileinstaller:profileinstaller:1.3.1] AndroidManifest.xml:50:25-92
186            </intent-filter>
187        </receiver>
188    </application>
189
190</manifest>